<?xml version="1.0" encoding="UTF-8"?>
<!-- Generated by org.testng.reporters.JUnitReportReporter -->
<testsuite hostname="DESKTOP-Q6T5L99" failures="0" tests="1" name="com.APIRestAssured.artiifact.APITest" time="3.407" errors="0" timestamp="2024-01-26T19:24:04 IST" skipped="0">
  <testcase classname="com.APIRestAssured.artiifact.APITest" name="testAPI" time="3.407"/>
  <system-out/>
</testsuite> <!-- com.APIRestAssured.artiifact.APITest -->
