<?xml version="1.0" encoding="UTF-8"?>
<!-- Generated by org.testng.reporters.JUnitReportReporter -->
<testsuite hostname="DESKTOP-Q6T5L99" failures="0" tests="1" name="com.APIRestAssured.artiifact.GetUserAPITest" time="1.109" errors="0" timestamp="2024-01-27T17:36:21 IST" skipped="0">
  <testcase classname="com.APIRestAssured.artiifact.GetUserAPITest" name="testGetUsers" time="1.109"/>
  <system-out/>
</testsuite> <!-- com.APIRestAssured.artiifact.GetUserAPITest -->
